{
  "stats": {
    "suites": 1,
    "tests": 1,
    "passes": 1,
    "pending": 0,
    "failures": 0,
    "start": "2026-03-22T01:24:37.419Z",
    "end": "2026-03-22T01:24:39.013Z",
    "duration": 1594,
    "testsRegistered": 1,
    "passPercent": 100,
    "pendingPercent": 0,
    "other": 0,
    "hasOther": false,
    "skipped": 0,
    "hasSkipped": false
  },
  "results": [
    {
      "uuid": "e1d88fab-7bce-4bb6-b0ee-b0abd4aae498",
      "title": "",
      "fullFile": "cypress\\e2e\\video.cy.js",
      "file": "cypress\\e2e\\video.cy.js",
      "beforeHooks": [],
      "afterHooks": [],
      "tests": [],
      "suites": [
        {
          "uuid": "9553a8f3-49b8-481c-a4de-c91d86a1e69c",
          "title": "Reproduzir video",
          "fullFile": "",
          "file": "",
          "beforeHooks": [],
          "afterHooks": [],
          "tests": [
            {
              "title": "CT-VIDEO-001 - Reprodução do vídeo ao clicar no player",
              "fullTitle": "Reproduzir video CT-VIDEO-001 - Reprodução do vídeo ao clicar no player",
              "timedOut": null,
              "duration": 1538,
              "state": "passed",
              "speed": "fast",
              "pass": true,
              "fail": false,
              "pending": false,
              "context": null,
              "code": "cy.fixture('login').then(data => {\n  cy.login(data.valido.email, data.valido.senha);\n  cy.acessaPagina('Video', 'Video');\n  _VideoPage.default.getIframe();\n  _VideoPage.default.clicarPlay();\n  _VideoPage.default.pausePlay();\n});",
              "err": {},
              "uuid": "002f996c-f468-44d1-8821-a46bee227657",
              "parentUUID": "9553a8f3-49b8-481c-a4de-c91d86a1e69c",
              "isHook": false,
              "skipped": false
            }
          ],
          "suites": [],
          "passes": [
            "002f996c-f468-44d1-8821-a46bee227657"
          ],
          "failures": [],
          "pending": [],
          "skipped": [],
          "duration": 1538,
          "root": false,
          "rootEmpty": false,
          "_timeout": 2000
        }
      ],
      "passes": [],
      "failures": [],
      "pending": [],
      "skipped": [],
      "duration": 0,
      "root": true,
      "rootEmpty": true,
      "_timeout": 2000
    }
  ],
  "meta": {
    "mocha": {
      "version": "7.2.0"
    },
    "mochawesome": {
      "options": {
        "quiet": false,
        "reportFilename": "mochawesome",
        "saveHtml": false,
        "saveJson": true,
        "consoleReporter": "spec",
        "useInlineDiffs": false,
        "code": true
      },
      "version": "7.1.4"
    },
    "marge": {
      "options": {
        "reportDir": "cypress/reports",
        "overwrite": false,
        "html": false,
        "json": true
      },
      "version": "6.3.2"
    }
  }
}