{
  "stats": {
    "suites": 1,
    "tests": 1,
    "passes": 1,
    "pending": 0,
    "failures": 0,
    "start": "2026-03-22T01:53:14.806Z",
    "end": "2026-03-22T01:53:16.808Z",
    "duration": 2002,
    "testsRegistered": 1,
    "passPercent": 100,
    "pendingPercent": 0,
    "other": 0,
    "hasOther": false,
    "skipped": 0,
    "hasSkipped": false
  },
  "results": [
    {
      "uuid": "53155748-0659-47d5-901d-06c5fef5809e",
      "title": "",
      "fullFile": "cypress\\e2e\\kanbanBoard.cy.js",
      "file": "cypress\\e2e\\kanbanBoard.cy.js",
      "beforeHooks": [],
      "afterHooks": [],
      "tests": [],
      "suites": [
        {
          "uuid": "71e13421-428c-4010-b5b8-0249ad395020",
          "title": "Kanban Board",
          "fullFile": "",
          "file": "",
          "beforeHooks": [],
          "afterHooks": [],
          "tests": [
            {
              "title": "CT-Kanban-001 - Mover tarefa para proxima coluna",
              "fullTitle": "Kanban Board CT-Kanban-001 - Mover tarefa para proxima coluna",
              "timedOut": null,
              "duration": 1930,
              "state": "passed",
              "speed": "fast",
              "pass": true,
              "fail": false,
              "pending": false,
              "context": null,
              "code": "cy.fixture('login').then(data => {\n  cy.login(data.valido.email, data.valido.senha);\n});\ncy.acessaPagina('Kanban', 'Kanban Board');\n_KanbanPage.default.moverCard();\n_KanbanPage.default.validaAtualizacao();",
              "err": {},
              "uuid": "ceed44b8-1474-4549-852a-b0a8296733f9",
              "parentUUID": "71e13421-428c-4010-b5b8-0249ad395020",
              "isHook": false,
              "skipped": false
            }
          ],
          "suites": [],
          "passes": [
            "ceed44b8-1474-4549-852a-b0a8296733f9"
          ],
          "failures": [],
          "pending": [],
          "skipped": [],
          "duration": 1930,
          "root": false,
          "rootEmpty": false,
          "_timeout": 2000
        }
      ],
      "passes": [],
      "failures": [],
      "pending": [],
      "skipped": [],
      "duration": 0,
      "root": true,
      "rootEmpty": true,
      "_timeout": 2000
    }
  ],
  "meta": {
    "mocha": {
      "version": "7.2.0"
    },
    "mochawesome": {
      "options": {
        "quiet": false,
        "reportFilename": "mochawesome",
        "saveHtml": false,
        "saveJson": true,
        "consoleReporter": "spec",
        "useInlineDiffs": false,
        "code": true
      },
      "version": "7.1.4"
    },
    "marge": {
      "options": {
        "reportDir": "cypress/reports",
        "overwrite": false,
        "html": false,
        "json": true
      },
      "version": "6.3.2"
    }
  }
}