{
  "stats": {
    "suites": 1,
    "tests": 1,
    "passes": 1,
    "pending": 0,
    "failures": 0,
    "start": "2026-03-22T01:53:23.442Z",
    "end": "2026-03-22T01:53:24.946Z",
    "duration": 1504,
    "testsRegistered": 1,
    "passPercent": 100,
    "pendingPercent": 0,
    "other": 0,
    "hasOther": false,
    "skipped": 0,
    "hasSkipped": false
  },
  "results": [
    {
      "uuid": "c7dd9965-3ef2-4491-ac59-7be110bd1683",
      "title": "",
      "fullFile": "cypress\\e2e\\video.cy.js",
      "file": "cypress\\e2e\\video.cy.js",
      "beforeHooks": [],
      "afterHooks": [],
      "tests": [],
      "suites": [
        {
          "uuid": "2f7d7d55-398c-42a6-91c1-594cf0b16b96",
          "title": "Reproduzir video",
          "fullFile": "",
          "file": "",
          "beforeHooks": [],
          "afterHooks": [],
          "tests": [
            {
              "title": "CT-VIDEO-001 - Reprodução do vídeo ao clicar no player",
              "fullTitle": "Reproduzir video CT-VIDEO-001 - Reprodução do vídeo ao clicar no player",
              "timedOut": null,
              "duration": 1446,
              "state": "passed",
              "speed": "fast",
              "pass": true,
              "fail": false,
              "pending": false,
              "context": null,
              "code": "cy.fixture('login').then(data => {\n  cy.login(data.valido.email, data.valido.senha);\n  cy.acessaPagina('Video', 'Video');\n  _VideoPage.default.getIframe();\n  _VideoPage.default.clicarPlay();\n  _VideoPage.default.pausePlay();\n});",
              "err": {},
              "uuid": "51aadfa3-9192-4507-b04d-fbbf9a8b7b1e",
              "parentUUID": "2f7d7d55-398c-42a6-91c1-594cf0b16b96",
              "isHook": false,
              "skipped": false
            }
          ],
          "suites": [],
          "passes": [
            "51aadfa3-9192-4507-b04d-fbbf9a8b7b1e"
          ],
          "failures": [],
          "pending": [],
          "skipped": [],
          "duration": 1446,
          "root": false,
          "rootEmpty": false,
          "_timeout": 2000
        }
      ],
      "passes": [],
      "failures": [],
      "pending": [],
      "skipped": [],
      "duration": 0,
      "root": true,
      "rootEmpty": true,
      "_timeout": 2000
    }
  ],
  "meta": {
    "mocha": {
      "version": "7.2.0"
    },
    "mochawesome": {
      "options": {
        "quiet": false,
        "reportFilename": "mochawesome",
        "saveHtml": false,
        "saveJson": true,
        "consoleReporter": "spec",
        "useInlineDiffs": false,
        "code": true
      },
      "version": "7.1.4"
    },
    "marge": {
      "options": {
        "reportDir": "cypress/reports",
        "overwrite": false,
        "html": false,
        "json": true
      },
      "version": "6.3.2"
    }
  }
}