{
  "stats": {
    "suites": 1,
    "tests": 5,
    "passes": 2,
    "pending": 0,
    "failures": 3,
    "start": "2026-03-22T01:23:57.818Z",
    "end": "2026-03-22T01:24:28.010Z",
    "duration": 30192,
    "testsRegistered": 5,
    "passPercent": 40,
    "pendingPercent": 0,
    "other": 0,
    "hasOther": false,
    "skipped": 0,
    "hasSkipped": false
  },
  "results": [
    {
      "uuid": "03924166-2bcb-4161-bf5e-1dfb5c2cbb13",
      "title": "",
      "fullFile": "cypress\\e2e\\forms.cy.js",
      "file": "cypress\\e2e\\forms.cy.js",
      "beforeHooks": [],
      "afterHooks": [],
      "tests": [],
      "suites": [
        {
          "uuid": "48d73241-baff-4d2f-a16d-9478e0e8eb0b",
          "title": "forms",
          "fullFile": "",
          "file": "",
          "beforeHooks": [],
          "afterHooks": [],
          "tests": [
            {
              "title": "CT-FORM-001 - Envio com campos obrigatórios válidos",
              "fullTitle": "forms CT-FORM-001 - Envio com campos obrigatórios válidos",
              "timedOut": null,
              "duration": 10753,
              "state": "failed",
              "speed": null,
              "pass": false,
              "fail": true,
              "pending": false,
              "context": null,
              "code": "cy.acessaPagina('Formulário', 'Consultoria');\n_FormPage.default.preencherNome('Camila Louzada Moraes');\n_FormPage.default.preencherEmail('camila@gmail.com');\n_FormPage.default.preencherTelefone('83988888888');\n_FormPage.default.selecionarTipoConsultoria('Individual');\n_FormPage.default.selecionarPessoaFisica();\n_FormPage.default.preencherCPF('86083034507');\n_FormPage.default.selecionarCanais();\n_FormPage.default.uploadArquivo();\n_FormPage.default.preencherDetalhes('Blablabla');\n_FormPage.default.adicionarTecnologia('Cypress');\n_FormPage.default.validarTecnologia('Cypress');\n_FormPage.default.aceitarTermos();\n_FormPage.default.enviarFormulario();\n_FormPage.default.validarSucesso();",
              "err": {
                "message": "AssertionError: Timed out retrying after 4000ms: Expected to find content: 'consultoria foi enviada com sucesso' but never did.",
                "estack": "AssertionError: Timed out retrying after 4000ms: Expected to find content: 'consultoria foi enviada com sucesso' but never did.\n    at FormPage.validarSucesso (webpack://web/./cypress/pages/FormPage.js:76:13)\n    at Context.eval (webpack://web/./cypress/e2e/forms.cy.js:35:17)",
                "diff": null
              },
              "uuid": "7612b140-eae6-428c-9a9d-97f612d3da7f",
              "parentUUID": "48d73241-baff-4d2f-a16d-9478e0e8eb0b",
              "isHook": false,
              "skipped": false
            },
            {
              "title": "CT-FORM-02 - Envio do formulário com apenas dados obrigatórios válidos",
              "fullTitle": "forms CT-FORM-02 - Envio do formulário com apenas dados obrigatórios válidos",
              "timedOut": null,
              "duration": 6824,
              "state": "failed",
              "speed": null,
              "pass": false,
              "fail": true,
              "pending": false,
              "context": null,
              "code": "cy.acessaPagina('Formulário', 'Consultoria');\n_FormPage.default.preencherNome('Camila Louzada Moraes');\n_FormPage.default.preencherEmail('camila@gmail.com');\n_FormPage.default.aceitarTermos();\n_FormPage.default.enviarFormulario();\n_FormPage.default.validarSucesso();",
              "err": {
                "message": "AssertionError: Timed out retrying after 4000ms: Expected to find content: 'consultoria foi enviada com sucesso' but never did.",
                "estack": "AssertionError: Timed out retrying after 4000ms: Expected to find content: 'consultoria foi enviada com sucesso' but never did.\n    at FormPage.validarSucesso (webpack://web/./cypress/pages/FormPage.js:76:13)\n    at Context.eval (webpack://web/./cypress/e2e/forms.cy.js:48:17)",
                "diff": null
              },
              "uuid": "6f5e8d24-88a1-44a0-8589-316c4bfec554",
              "parentUUID": "48d73241-baff-4d2f-a16d-9478e0e8eb0b",
              "isHook": false,
              "skipped": false
            },
            {
              "title": "CT-FORM-003 - Envio sem preencher campos obrigatórios",
              "fullTitle": "forms CT-FORM-003 - Envio sem preencher campos obrigatórios",
              "timedOut": null,
              "duration": 8199,
              "state": "failed",
              "speed": null,
              "pass": false,
              "fail": true,
              "pending": false,
              "context": null,
              "code": "cy.acessaPagina('Formulário', 'Consultoria');\n_FormPage.default.preencherTelefone('83988888888');\n_FormPage.default.selecionarTipoConsultoria('Individual');\n_FormPage.default.selecionarPessoaFisica();\n_FormPage.default.preencherCPF('86083034507');\n_FormPage.default.selecionarCanais();\n_FormPage.default.uploadArquivo();\n_FormPage.default.preencherDetalhes('Blablabla');\n_FormPage.default.adicionarTecnologia('Cypress');\n_FormPage.default.validarTecnologia('Cypress');\n_FormPage.default.aceitarTermos();\n_FormPage.default.enviarFormulario();\n_FormPage.default.validarCampoEmail();\n_FormPage.default.validarCampoNome();",
              "err": {
                "message": "AssertionError: Timed out retrying after 4000ms: Expected to find content: 'Informe um email válido' but never did.",
                "estack": "AssertionError: Timed out retrying after 4000ms: Expected to find content: 'Informe um email válido' but never did.\n    at FormPage.validarCampoEmail (webpack://web/./cypress/pages/FormPage.js:86:13)\n    at Context.eval (webpack://web/./cypress/e2e/forms.cy.js:73:17)",
                "diff": null
              },
              "uuid": "a9afd832-e631-4640-aea6-571d53d7eba6",
              "parentUUID": "48d73241-baff-4d2f-a16d-9478e0e8eb0b",
              "isHook": false,
              "skipped": false
            },
            {
              "title": "CT-FORM-004 - Email em formato inválido",
              "fullTitle": "forms CT-FORM-004 - Email em formato inválido",
              "timedOut": null,
              "duration": 2019,
              "state": "passed",
              "speed": "fast",
              "pass": true,
              "fail": false,
              "pending": false,
              "context": null,
              "code": "cy.acessaPagina('Formulário', 'Consultoria');\n_FormPage.default.preencherNome('Camila Louzada Moraes');\n_FormPage.default.preencherEmail('camila');\n_FormPage.default.aceitarTermos();\n_FormPage.default.enviarFormulario();\ncy.get('#email').then($input => {\n  const message = $input[0].validationMessage;\n  expect(message).to.not.be.empty;\n});",
              "err": {},
              "uuid": "16982ca9-f28c-453d-a4cf-bb4a7583ce9d",
              "parentUUID": "48d73241-baff-4d2f-a16d-9478e0e8eb0b",
              "isHook": false,
              "skipped": false
            },
            {
              "title": "CT-FORM-005 - Envio sem aceitar termos de uso",
              "fullTitle": "forms CT-FORM-005 - Envio sem aceitar termos de uso",
              "timedOut": null,
              "duration": 2054,
              "state": "passed",
              "speed": "fast",
              "pass": true,
              "fail": false,
              "pending": false,
              "context": null,
              "code": "cy.acessaPagina('Formulário', 'Consultoria');\n_FormPage.default.preencherNome('Camila Louzada Moraes');\n_FormPage.default.preencherEmail('camila@gmail.com');\n_FormPage.default.enviarFormulario();\ncy.contains('Você precisa aceitar os termos de uso').should('be.visible');",
              "err": {},
              "uuid": "5ab87998-29b5-4e84-8754-bf8400512ed8",
              "parentUUID": "48d73241-baff-4d2f-a16d-9478e0e8eb0b",
              "isHook": false,
              "skipped": false
            }
          ],
          "suites": [],
          "passes": [
            "16982ca9-f28c-453d-a4cf-bb4a7583ce9d",
            "5ab87998-29b5-4e84-8754-bf8400512ed8"
          ],
          "failures": [
            "7612b140-eae6-428c-9a9d-97f612d3da7f",
            "6f5e8d24-88a1-44a0-8589-316c4bfec554",
            "a9afd832-e631-4640-aea6-571d53d7eba6"
          ],
          "pending": [],
          "skipped": [],
          "duration": 29849,
          "root": false,
          "rootEmpty": false,
          "_timeout": 2000
        }
      ],
      "passes": [],
      "failures": [],
      "pending": [],
      "skipped": [],
      "duration": 0,
      "root": true,
      "rootEmpty": true,
      "_timeout": 2000
    }
  ],
  "meta": {
    "mocha": {
      "version": "7.2.0"
    },
    "mochawesome": {
      "options": {
        "quiet": false,
        "reportFilename": "mochawesome",
        "saveHtml": false,
        "saveJson": true,
        "consoleReporter": "spec",
        "useInlineDiffs": false,
        "code": true
      },
      "version": "7.1.4"
    },
    "marge": {
      "options": {
        "reportDir": "cypress/reports",
        "overwrite": false,
        "html": false,
        "json": true
      },
      "version": "6.3.2"
    }
  }
}