{
  "stats": {
    "suites": 1,
    "tests": 4,
    "passes": 4,
    "pending": 0,
    "failures": 0,
    "start": "2026-03-22T01:24:32.068Z",
    "end": "2026-03-22T01:24:36.103Z",
    "duration": 4035,
    "testsRegistered": 4,
    "passPercent": 100,
    "pendingPercent": 0,
    "other": 0,
    "hasOther": false,
    "skipped": 0,
    "hasSkipped": false
  },
  "results": [
    {
      "uuid": "263816b4-84b4-4d01-838f-3ce54a0e445b",
      "title": "",
      "fullFile": "cypress\\e2e\\login.cy.js",
      "file": "cypress\\e2e\\login.cy.js",
      "beforeHooks": [],
      "afterHooks": [],
      "tests": [],
      "suites": [
        {
          "uuid": "2082c0a8-df2c-46a5-bf8e-fa748fc66422",
          "title": "Login",
          "fullFile": "",
          "file": "",
          "beforeHooks": [],
          "afterHooks": [],
          "tests": [
            {
              "title": "CT-LOGIN-001 - Login com sucesso",
              "fullTitle": "Login CT-LOGIN-001 - Login com sucesso",
              "timedOut": null,
              "duration": 1272,
              "state": "passed",
              "speed": "fast",
              "pass": true,
              "fail": false,
              "pending": false,
              "context": null,
              "code": "cy.fixture('login').then(data => {\n  _loginPage.default.login(data.valido.email, data.valido.senha);\n  _loginPage.default.validarLoginSucesso();\n});",
              "err": {},
              "uuid": "ad0f9950-8dba-496b-8f59-923c45d443c3",
              "parentUUID": "2082c0a8-df2c-46a5-bf8e-fa748fc66422",
              "isHook": false,
              "skipped": false
            },
            {
              "title": "CT-LOGIN-002 - Login com senha inválida",
              "fullTitle": "Login CT-LOGIN-002 - Login com senha inválida",
              "timedOut": null,
              "duration": 1403,
              "state": "passed",
              "speed": "fast",
              "pass": true,
              "fail": false,
              "pending": false,
              "context": null,
              "code": "cy.fixture('login').then(data => {\n  _loginPage.default.login(data.invalido.email, data.invalido.senha);\n  _loginPage.default.validarErroLogin();\n});",
              "err": {},
              "uuid": "3357f0e9-edcc-4fd6-b418-c28b67483760",
              "parentUUID": "2082c0a8-df2c-46a5-bf8e-fa748fc66422",
              "isHook": false,
              "skipped": false
            },
            {
              "title": "CT-LOGIN-003 - Login com campos vazios",
              "fullTitle": "Login CT-LOGIN-003 - Login com campos vazios",
              "timedOut": null,
              "duration": 248,
              "state": "passed",
              "speed": "fast",
              "pass": true,
              "fail": false,
              "pending": false,
              "context": null,
              "code": "_loginPage.default.clicarEntrar();\n_loginPage.default.validarCamposObrigatorios();",
              "err": {},
              "uuid": "56282200-267c-4d22-ace5-2108101c123b",
              "parentUUID": "2082c0a8-df2c-46a5-bf8e-fa748fc66422",
              "isHook": false,
              "skipped": false
            },
            {
              "title": "CT-LOGIN-004 - Email com formato inválido",
              "fullTitle": "Login CT-LOGIN-004 - Email com formato inválido",
              "timedOut": null,
              "duration": 978,
              "state": "passed",
              "speed": "fast",
              "pass": true,
              "fail": false,
              "pending": false,
              "context": null,
              "code": "cy.fixture('login').then(data => {\n  _loginPage.default.login(data.emailInvalido.email, data.emailInvalido.senha);\n  _loginPage.default.emailInvalido();\n});",
              "err": {},
              "uuid": "4970f56d-25a0-4d3f-a285-bb406976501c",
              "parentUUID": "2082c0a8-df2c-46a5-bf8e-fa748fc66422",
              "isHook": false,
              "skipped": false
            }
          ],
          "suites": [],
          "passes": [
            "ad0f9950-8dba-496b-8f59-923c45d443c3",
            "3357f0e9-edcc-4fd6-b418-c28b67483760",
            "56282200-267c-4d22-ace5-2108101c123b",
            "4970f56d-25a0-4d3f-a285-bb406976501c"
          ],
          "failures": [],
          "pending": [],
          "skipped": [],
          "duration": 3901,
          "root": false,
          "rootEmpty": false,
          "_timeout": 2000
        }
      ],
      "passes": [],
      "failures": [],
      "pending": [],
      "skipped": [],
      "duration": 0,
      "root": true,
      "rootEmpty": true,
      "_timeout": 2000
    }
  ],
  "meta": {
    "mocha": {
      "version": "7.2.0"
    },
    "mochawesome": {
      "options": {
        "quiet": false,
        "reportFilename": "mochawesome",
        "saveHtml": false,
        "saveJson": true,
        "consoleReporter": "spec",
        "useInlineDiffs": false,
        "code": true
      },
      "version": "7.1.4"
    },
    "marge": {
      "options": {
        "reportDir": "cypress/reports",
        "overwrite": false,
        "html": false,
        "json": true
      },
      "version": "6.3.2"
    }
  }
}