{
  "stats": {
    "suites": 1,
    "tests": 5,
    "passes": 2,
    "pending": 0,
    "failures": 3,
    "start": "2026-03-22T01:21:36.330Z",
    "end": "2026-03-22T01:22:06.539Z",
    "duration": 30209,
    "testsRegistered": 5,
    "passPercent": 40,
    "pendingPercent": 0,
    "other": 0,
    "hasOther": false,
    "skipped": 0,
    "hasSkipped": false
  },
  "results": [
    {
      "uuid": "8e7db9e3-30c0-434d-ac48-3cfd269bd5ff",
      "title": "",
      "fullFile": "cypress\\e2e\\forms.cy.js",
      "file": "cypress\\e2e\\forms.cy.js",
      "beforeHooks": [],
      "afterHooks": [],
      "tests": [],
      "suites": [
        {
          "uuid": "8c1fd6a2-970b-423a-884d-84632b7d3c34",
          "title": "forms",
          "fullFile": "",
          "file": "",
          "beforeHooks": [],
          "afterHooks": [],
          "tests": [
            {
              "title": "CT-FORM-001 - Envio com campos obrigatórios válidos",
              "fullTitle": "forms CT-FORM-001 - Envio com campos obrigatórios válidos",
              "timedOut": null,
              "duration": 9171,
              "state": "failed",
              "speed": null,
              "pass": false,
              "fail": true,
              "pending": false,
              "context": null,
              "code": "cy.acessaPagina('Formulário', 'Consultoria');\n_FormPage.default.preencherNome('Camila Louzada Moraes');\n_FormPage.default.preencherEmail('camila@gmail.com');\n_FormPage.default.preencherTelefone('83988888888');\n_FormPage.default.selecionarTipoConsultoria('Individual');\n_FormPage.default.selecionarPessoaFisica();\n_FormPage.default.preencherCPF('86083034507');\n_FormPage.default.selecionarCanais();\n_FormPage.default.uploadArquivo();\n_FormPage.default.preencherDetalhes('Blablabla');\n_FormPage.default.adicionarTecnologia('Cypress');\n_FormPage.default.validarTecnologia('Cypress');\n_FormPage.default.aceitarTermos();\n_FormPage.default.enviarFormulario();\n_FormPage.default.validarSucesso();",
              "err": {
                "message": "AssertionError: Timed out retrying after 4000ms: Expected to find content: 'consultoria foi enviada com sucesso' but never did.",
                "estack": "AssertionError: Timed out retrying after 4000ms: Expected to find content: 'consultoria foi enviada com sucesso' but never did.\n    at FormPage.validarSucesso (webpack://web/./cypress/pages/FormPage.js:76:13)\n    at Context.eval (webpack://web/./cypress/e2e/forms.cy.js:35:17)",
                "diff": null
              },
              "uuid": "b44f1737-4c21-4864-ac1c-2d9f189f5795",
              "parentUUID": "8c1fd6a2-970b-423a-884d-84632b7d3c34",
              "isHook": false,
              "skipped": false
            },
            {
              "title": "CT-FORM-02 - Envio do formulário com apenas dados obrigatórios válidos",
              "fullTitle": "forms CT-FORM-02 - Envio do formulário com apenas dados obrigatórios válidos",
              "timedOut": null,
              "duration": 6944,
              "state": "failed",
              "speed": null,
              "pass": false,
              "fail": true,
              "pending": false,
              "context": null,
              "code": "cy.acessaPagina('Formulário', 'Consultoria');\n_FormPage.default.preencherNome('Camila Louzada Moraes');\n_FormPage.default.preencherEmail('camila@gmail.com');\n_FormPage.default.aceitarTermos();\n_FormPage.default.enviarFormulario();\n_FormPage.default.validarSucesso();",
              "err": {
                "message": "AssertionError: Timed out retrying after 4000ms: Expected to find content: 'consultoria foi enviada com sucesso' but never did.",
                "estack": "AssertionError: Timed out retrying after 4000ms: Expected to find content: 'consultoria foi enviada com sucesso' but never did.\n    at FormPage.validarSucesso (webpack://web/./cypress/pages/FormPage.js:76:13)\n    at Context.eval (webpack://web/./cypress/e2e/forms.cy.js:48:17)",
                "diff": null
              },
              "uuid": "e8f533fb-5bcb-4aab-b0fe-4aea09e82716",
              "parentUUID": "8c1fd6a2-970b-423a-884d-84632b7d3c34",
              "isHook": false,
              "skipped": false
            },
            {
              "title": "CT-FORM-003 - Envio sem preencher campos obrigatórios",
              "fullTitle": "forms CT-FORM-003 - Envio sem preencher campos obrigatórios",
              "timedOut": null,
              "duration": 8858,
              "state": "failed",
              "speed": null,
              "pass": false,
              "fail": true,
              "pending": false,
              "context": null,
              "code": "cy.acessaPagina('Formulário', 'Consultoria');\n_FormPage.default.preencherTelefone('83988888888');\n_FormPage.default.selecionarTipoConsultoria('Individual');\n_FormPage.default.selecionarPessoaFisica();\n_FormPage.default.preencherCPF('86083034507');\n_FormPage.default.selecionarCanais();\n_FormPage.default.uploadArquivo();\n_FormPage.default.preencherDetalhes('Blablabla');\n_FormPage.default.adicionarTecnologia('Cypress');\n_FormPage.default.validarTecnologia('Cypress');\n_FormPage.default.aceitarTermos();\n_FormPage.default.enviarFormulario();\n_FormPage.default.validarCampoEmail();\n_FormPage.default.validarCampoNome();",
              "err": {
                "message": "AssertionError: Timed out retrying after 4000ms: Expected to find content: 'Informe um email válido' but never did.",
                "estack": "AssertionError: Timed out retrying after 4000ms: Expected to find content: 'Informe um email válido' but never did.\n    at FormPage.validarCampoEmail (webpack://web/./cypress/pages/FormPage.js:86:13)\n    at Context.eval (webpack://web/./cypress/e2e/forms.cy.js:73:17)",
                "diff": null
              },
              "uuid": "b9c187fb-33cd-4a4a-846d-e631f0e90a45",
              "parentUUID": "8c1fd6a2-970b-423a-884d-84632b7d3c34",
              "isHook": false,
              "skipped": false
            },
            {
              "title": "CT-FORM-004 - Email em formato inválido",
              "fullTitle": "forms CT-FORM-004 - Email em formato inválido",
              "timedOut": null,
              "duration": 2326,
              "state": "passed",
              "speed": "fast",
              "pass": true,
              "fail": false,
              "pending": false,
              "context": null,
              "code": "cy.acessaPagina('Formulário', 'Consultoria');\n_FormPage.default.preencherNome('Camila Louzada Moraes');\n_FormPage.default.preencherEmail('camila');\n_FormPage.default.aceitarTermos();\n_FormPage.default.enviarFormulario();\ncy.get('#email').then($input => {\n  const message = $input[0].validationMessage;\n  expect(message).to.not.be.empty;\n});",
              "err": {},
              "uuid": "8a541eee-c8bd-4923-b494-a58745057721",
              "parentUUID": "8c1fd6a2-970b-423a-884d-84632b7d3c34",
              "isHook": false,
              "skipped": false
            },
            {
              "title": "CT-FORM-005 - Envio sem aceitar termos de uso",
              "fullTitle": "forms CT-FORM-005 - Envio sem aceitar termos de uso",
              "timedOut": null,
              "duration": 2426,
              "state": "passed",
              "speed": "fast",
              "pass": true,
              "fail": false,
              "pending": false,
              "context": null,
              "code": "cy.acessaPagina('Formulário', 'Consultoria');\n_FormPage.default.preencherNome('Camila Louzada Moraes');\n_FormPage.default.preencherEmail('camila@gmail.com');\n_FormPage.default.enviarFormulario();\ncy.contains('Você precisa aceitar os termos de uso').should('be.visible');",
              "err": {},
              "uuid": "71c8dc53-d69e-43ba-9fcc-b12b448a3240",
              "parentUUID": "8c1fd6a2-970b-423a-884d-84632b7d3c34",
              "isHook": false,
              "skipped": false
            }
          ],
          "suites": [],
          "passes": [
            "8a541eee-c8bd-4923-b494-a58745057721",
            "71c8dc53-d69e-43ba-9fcc-b12b448a3240"
          ],
          "failures": [
            "b44f1737-4c21-4864-ac1c-2d9f189f5795",
            "e8f533fb-5bcb-4aab-b0fe-4aea09e82716",
            "b9c187fb-33cd-4a4a-846d-e631f0e90a45"
          ],
          "pending": [],
          "skipped": [],
          "duration": 29725,
          "root": false,
          "rootEmpty": false,
          "_timeout": 2000
        }
      ],
      "passes": [],
      "failures": [],
      "pending": [],
      "skipped": [],
      "duration": 0,
      "root": true,
      "rootEmpty": true,
      "_timeout": 2000
    }
  ],
  "meta": {
    "mocha": {
      "version": "7.2.0"
    },
    "mochawesome": {
      "options": {
        "quiet": false,
        "reportFilename": "mochawesome",
        "saveHtml": false,
        "saveJson": true,
        "consoleReporter": "spec",
        "useInlineDiffs": false,
        "code": true
      },
      "version": "7.1.4"
    },
    "marge": {
      "options": {
        "reportDir": "cypress/reports",
        "overwrite": false,
        "html": false,
        "json": true
      },
      "version": "6.3.2"
    }
  }
}